AndroidStudioProjects/Login/app/build/intermediates/manifest_merge_blame_file/debug/manifest-merger-blame-debug-report.txt
1<?xml version="1.0" encoding="utf-8"?>
2<manifest xmlns:android="http://schemas.android.com/apk/res/android"
3    package="com.example.login"
4    android:versionCode="1"
5    android:versionName="1.0" >
6
7    <uses-sdk
8        android:minSdkVersion="19"
8-->src/main/AndroidManifest.xml
9        android:targetSdkVersion="29" />
9-->src/main/AndroidManifest.xml
10
11    <uses-permission android:name="android.permission.INTERNET" />
11-->src/main/AndroidManifest.xml:5:5-67
11-->src/main/AndroidManifest.xml:5:22-64
12    <uses-permission android:name="com.google.android.finsky.permission.BIND_GET_INSTALL_REFERRER_SERVICE" />
12-->[com.android.installreferrer:installreferrer:1.0] AndroidManifest.xml:9:5-110
12-->[com.android.installreferrer:installreferrer:1.0] AndroidManifest.xml:9:22-107
13
14    <application
14-->src/main/AndroidManifest.xml:7:5-44:19
15        android:allowBackup="true"
15-->src/main/AndroidManifest.xml:8:9-35
16        android:appComponentFactory="androidx.core.app.CoreComponentFactory"
16-->[androidx.core:core:1.1.0] AndroidManifest.xml:24:18-86
17        android:debuggable="true"
18        android:icon="@mipmap/ic_launcher"
18-->src/main/AndroidManifest.xml:9:9-43
19        android:label="@string/app_name"
19-->src/main/AndroidManifest.xml:10:9-41
20        android:roundIcon="@mipmap/ic_launcher_round"
20-->src/main/AndroidManifest.xml:11:9-54
21        android:supportsRtl="true"
21-->src/main/AndroidManifest.xml:12:9-35
22        android:testOnly="true"
23        android:theme="@style/AppTheme" >
23-->src/main/AndroidManifest.xml:13:9-40
24        <activity android:name="com.example.login.FacebookloginActivity" />
24-->src/main/AndroidManifest.xml:14:9-68
24-->src/main/AndroidManifest.xml:14:19-56
25        <activity android:name="com.example.login.Home" />
25-->src/main/AndroidManifest.xml:15:9-42
25-->src/main/AndroidManifest.xml:15:19-39
26
27        <meta-data
27-->src/main/AndroidManifest.xml:17:9-19:55
28            android:name="com.facebook.sdk.ApplicationId"
28-->src/main/AndroidManifest.xml:18:13-58
29            android:value="@string/facebook_app_id" />
29-->src/main/AndroidManifest.xml:19:13-52
30
31        <activity
31-->src/main/AndroidManifest.xml:21:9-24:48
32            android:name="com.facebook.FacebookActivity"
32-->src/main/AndroidManifest.xml:22:13-57
33            android:configChanges="keyboard|keyboardHidden|screenLayout|screenSize|orientation"
33-->src/main/AndroidManifest.xml:23:13-96
34            android:label="@string/app_name"
34-->src/main/AndroidManifest.xml:24:13-45
35            android:theme="@style/com_facebook_activity_theme" />
35-->[com.facebook.android:facebook-common:5.15.3] AndroidManifest.xml:33:13-63
36        <activity
36-->src/main/AndroidManifest.xml:25:9-36:20
37            android:name="com.facebook.CustomTabActivity"
37-->src/main/AndroidManifest.xml:26:13-58
38            android:exported="true" >
38-->src/main/AndroidManifest.xml:27:13-36
39            <intent-filter>
39-->src/main/AndroidManifest.xml:28:13-35:29
40                <action android:name="android.intent.action.VIEW" />
40-->src/main/AndroidManifest.xml:29:17-69
40-->src/main/AndroidManifest.xml:29:25-66
41
42                <category android:name="android.intent.category.DEFAULT" />
42-->src/main/AndroidManifest.xml:31:17-76
42-->src/main/AndroidManifest.xml:31:27-73
43                <category android:name="android.intent.category.BROWSABLE" />
43-->src/main/AndroidManifest.xml:32:17-78
43-->src/main/AndroidManifest.xml:32:27-75
44
45                <data android:scheme="@string/fb_login_protocol_scheme" />
45-->src/main/AndroidManifest.xml:34:17-75
45-->src/main/AndroidManifest.xml:34:23-72
46            </intent-filter>
47            <intent-filter>
47-->[com.facebook.android:facebook-common:5.15.3] AndroidManifest.xml:39:13-48:29
48                <action android:name="android.intent.action.VIEW" />
48-->src/main/AndroidManifest.xml:29:17-69
48-->src/main/AndroidManifest.xml:29:25-66
49
50                <category android:name="android.intent.category.DEFAULT" />
50-->src/main/AndroidManifest.xml:31:17-76
50-->src/main/AndroidManifest.xml:31:27-73
51                <category android:name="android.intent.category.BROWSABLE" />
51-->src/main/AndroidManifest.xml:32:17-78
51-->src/main/AndroidManifest.xml:32:27-75
52
53                <data
53-->src/main/AndroidManifest.xml:34:17-75
54                    android:host="cct.com.example.login"
55                    android:scheme="fbconnect" />
55-->src/main/AndroidManifest.xml:34:23-72
56            </intent-filter>
57        </activity>
58        <activity android:name="com.example.login.MainActivity" >
58-->src/main/AndroidManifest.xml:37:9-43:20
58-->src/main/AndroidManifest.xml:37:19-47
59            <intent-filter>
59-->src/main/AndroidManifest.xml:38:13-42:29
60                <action android:name="android.intent.action.MAIN" />
60-->src/main/AndroidManifest.xml:39:17-69
60-->src/main/AndroidManifest.xml:39:25-66
61
62                <category android:name="android.intent.category.LAUNCHER" />
62-->src/main/AndroidManifest.xml:41:17-77
62-->src/main/AndroidManifest.xml:41:27-74
63            </intent-filter>
64        </activity>
65        <activity android:name="com.facebook.CustomTabMainActivity" />
65-->[com.facebook.android:facebook-common:5.15.3] AndroidManifest.xml:34:9-71
65-->[com.facebook.android:facebook-common:5.15.3] AndroidManifest.xml:34:19-68
66        <activity
66-->[com.google.android.gms:play-services-auth:18.0.0] AndroidManifest.xml:23:9-27:75
67            android:name="com.google.android.gms.auth.api.signin.internal.SignInHubActivity"
67-->[com.google.android.gms:play-services-auth:18.0.0] AndroidManifest.xml:24:13-93
68            android:excludeFromRecents="true"
68-->[com.google.android.gms:play-services-auth:18.0.0] AndroidManifest.xml:25:13-46
69            android:exported="false"
69-->[com.google.android.gms:play-services-auth:18.0.0] AndroidManifest.xml:26:13-37
70            android:theme="@android:style/Theme.Translucent.NoTitleBar" />
70-->[com.google.android.gms:play-services-auth:18.0.0] AndroidManifest.xml:27:13-72
71        <!--
72            Service handling Google Sign-In user revocation. For apps that do not integrate with
73            Google Sign-In, this service will never be started.
74        -->
75        <service
75-->[com.google.android.gms:play-services-auth:18.0.0] AndroidManifest.xml:33:9-36:110
76            android:name="com.google.android.gms.auth.api.signin.RevocationBoundService"
76-->[com.google.android.gms:play-services-auth:18.0.0] AndroidManifest.xml:34:13-89
77            android:exported="true"
77-->[com.google.android.gms:play-services-auth:18.0.0] AndroidManifest.xml:35:13-36
78            android:permission="com.google.android.gms.auth.api.signin.permission.REVOCATION_NOTIFICATION" />
78-->[com.google.android.gms:play-services-auth:18.0.0] AndroidManifest.xml:36:13-107
79
80        <provider
80-->[com.squareup.picasso:picasso:2.71828] AndroidManifest.xml:8:9-11:40
81            android:name="com.squareup.picasso.PicassoProvider"
81-->[com.squareup.picasso:picasso:2.71828] AndroidManifest.xml:9:13-64
82            android:authorities="com.example.login.com.squareup.picasso"
82-->[com.squareup.picasso:picasso:2.71828] AndroidManifest.xml:10:13-72
83            android:exported="false" />
83-->[com.squareup.picasso:picasso:2.71828] AndroidManifest.xml:11:13-37
84
85        <activity
85-->[com.google.android.gms:play-services-base:17.1.0] AndroidManifest.xml:23:9-26:75
86            android:name="com.google.android.gms.common.api.GoogleApiActivity"
86-->[com.google.android.gms:play-services-base:17.1.0] AndroidManifest.xml:24:13-79
87            android:exported="false"
87-->[com.google.android.gms:play-services-base:17.1.0] AndroidManifest.xml:25:13-37
88            android:theme="@android:style/Theme.Translucent.NoTitleBar" />
88-->[com.google.android.gms:play-services-base:17.1.0] AndroidManifest.xml:26:13-72
89
90        <meta-data
90-->[com.google.android.gms:play-services-basement:17.1.1] AndroidManifest.xml:23:9-25:69
91            android:name="com.google.android.gms.version"
91-->[com.google.android.gms:play-services-basement:17.1.1] AndroidManifest.xml:24:13-58
92            android:value="@integer/google_play_services_version" />
92-->[com.google.android.gms:play-services-basement:17.1.1] AndroidManifest.xml:25:13-66
93        <!--
94         The initialization ContentProvider will call FacebookSdk.sdkInitialize automatically
95         with the application context. This config is merged in with the host app's manifest,
96         but there can only be one provider with the same authority activated at any given
97         point; so if the end user has two or more different apps that use Facebook SDK, only the
98         first one will be able to use the provider. To work around this problem, we use the
99         following placeholder in the authority to identify each host application as if it was
100         a completely different provider.
101        -->
102        <provider
102-->[com.facebook.android:facebook-core:5.15.3] AndroidManifest.xml:39:9-42:40
103            android:name="com.facebook.internal.FacebookInitProvider"
103-->[com.facebook.android:facebook-core:5.15.3] AndroidManifest.xml:40:13-70
104            android:authorities="com.example.login.FacebookInitProvider"
104-->[com.facebook.android:facebook-core:5.15.3] AndroidManifest.xml:41:13-72
105            android:exported="false" />
105-->[com.facebook.android:facebook-core:5.15.3] AndroidManifest.xml:42:13-37
106
107        <receiver
107-->[com.facebook.android:facebook-core:5.15.3] AndroidManifest.xml:44:9-50:20
108            android:name="com.facebook.CurrentAccessTokenExpirationBroadcastReceiver"
108-->[com.facebook.android:facebook-core:5.15.3] AndroidManifest.xml:45:13-86
109            android:exported="false" >
109-->[com.facebook.android:facebook-core:5.15.3] AndroidManifest.xml:46:13-37
110            <intent-filter>
110-->[com.facebook.android:facebook-core:5.15.3] AndroidManifest.xml:47:13-49:29
111                <action android:name="com.facebook.sdk.ACTION_CURRENT_ACCESS_TOKEN_CHANGED" />
111-->[com.facebook.android:facebook-core:5.15.3] AndroidManifest.xml:48:17-95
111-->[com.facebook.android:facebook-core:5.15.3] AndroidManifest.xml:48:25-92
112            </intent-filter>
113        </receiver>
114    </application>
115
116</manifest>